2025-12-10T22:29:00.688082Z DEBUG flox::config: reading raw config (initialized: false, reload: false)
2025-12-10T22:29:00.688141Z DEBUG flox::config: `$FLOX_CONFIG_DIR` set: /Users/nxmatic/.config/flox
2025-12-10T22:29:00.688378Z DEBUG flox: set _FLOX_PKGDB_VERBOSITY=2
2025-12-10T22:29:00.688848Z DEBUG flox::config: reading raw config (initialized: true, reload: false)
2025-12-10T22:29:00.689466Z DEBUG flox::commands: Skipping update check in development mode
2025-12-10T22:29:00.689577Z DEBUG flox::commands: Metrics collection disabled
2025-12-10T22:29:00.689633Z DEBUG flox::utils::init::catalog_client: using catalog client with url: https://api.flox.dev
2025-12-10T22:29:00.691159Z DEBUG flox::commands: feature flags configured=Features { upload: false, qa: false }
2025-12-10T22:29:00.691206Z DEBUG check-upgrade: flox::utils::metrics: No metrics client setup, skipping record
2025-12-10T22:29:00.691357Z DEBUG check-upgrade: flox_rust_sdk::models::environment: detected concrete environment type: path
2025-12-10T22:29:00.691523Z DEBUG check-upgrade: flox_rust_sdk::providers::upgrade_checks: created unlocked upgrade information guard upgrade_information_path="/private/var/lib/gits/nxmatic/fleet-manifests/flox/k8s/.flox/cache/upgrade-checks.json"
2025-12-10T22:29:00.691591Z DEBUG check-upgrade: flox_rust_sdk::providers::upgrade_checks: lock acquired upgrade_information_path="/private/var/lib/gits/nxmatic/fleet-manifests/flox/k8s/.flox/cache/upgrade-checks.json"
2025-12-10T22:29:00.691622Z DEBUG check-upgrade:check-upgrade: flox_rust_sdk::models::environment::core_environment: upgrading to_upgrade=""
2025-12-10T22:29:00.691734Z DEBUG check-upgrade:check-upgrade: flox_rust_sdk::models::environment::core_environment: checking group membership for requested packages
2025-12-10T22:29:00.691739Z DEBUG check-upgrade:check-upgrade: flox_rust_sdk::models::environment::core_environment: using catalog client to upgrade
2025-12-10T22:29:00.691743Z DEBUG check-upgrade:check-upgrade: flox_rust_sdk::models::environment::core_environment: upgrading to_upgrade=""
2025-12-10T22:29:00.691876Z DEBUG check-upgrade:check-upgrade:resolve_manifest:resolve: flox_rust_sdk::providers::catalog: resolving package groups n_groups=5
2025-12-10T22:29:06.353409Z DEBUG check-upgrade:check-upgrade:resolve_manifest:resolve: flox_rust_sdk::providers::catalog: received resolved package groups n_groups=5
2025-12-10T22:29:06.353477Z DEBUG check-upgrade:check-upgrade:resolve_manifest: flox_rust_sdk::models::lockfile: no resolution failures detected
2025-12-10T22:29:06.354021Z DEBUG check-upgrade:check-upgrade:build: flox_rust_sdk::providers::buildenv: bulk checking validity of store_paths (paths passed to stdin) cmd=/nix/store/aazg6v221pq98rsab7i9gww46a85y1qv-nix-2.28.2/bin/nix --option extra-experimental-features 'nix-command flakes' path-info --offline --stdin
2025-12-10T22:29:06.431311Z DEBUG check-upgrade:check-upgrade:build: flox_rust_sdk::providers::buildenv: no paths to create gc roots for, skipping
2025-12-10T22:29:06.431374Z DEBUG check-upgrade:check-upgrade:build:substitute catalog package: flox_rust_sdk::providers::buildenv: using 'auto' store
2025-12-10T22:29:06.431384Z DEBUG check-upgrade:check-upgrade:build:substitute catalog package: flox_rust_sdk::providers::buildenv: checking store paths, including substituters cmd=/nix/store/aazg6v221pq98rsab7i9gww46a85y1qv-nix-2.28.2/bin/nix --option extra-experimental-features 'nix-command flakes' --option pure-eval false --print-build-logs build --out-link /Users/nxmatic/.cache/flox/process/.tmp02bKSI/temp-roots/by-store-path/etcdctl /nix/store/v3hvz562mcqzjvz4c7mkwgr6pbsmjrk2-etcd-3.3.27
2025-12-10T22:29:07.593382Z DEBUG check-upgrade:check-upgrade:build:substitute catalog package: flox_rust_sdk::providers::buildenv: using 'auto' store
2025-12-10T22:29:07.593449Z DEBUG check-upgrade:check-upgrade:build:substitute catalog package: flox_rust_sdk::providers::buildenv: checking store paths, including substituters cmd=/nix/store/aazg6v221pq98rsab7i9gww46a85y1qv-nix-2.28.2/bin/nix --option extra-experimental-features 'nix-command flakes' --option pure-eval false --print-build-logs build --out-link /Users/nxmatic/.cache/flox/process/.tmp02bKSI/temp-roots/by-store-path/kpt /nix/store/0y0x7g3qn8gzb29rf44mn6448x508kbc-kpt-1.0.0-beta.55
2025-12-10T22:29:07.643040Z DEBUG check-upgrade:check-upgrade:build:substitute catalog package: flox_rust_sdk::providers::buildenv: using 'auto' store
2025-12-10T22:29:07.643056Z DEBUG check-upgrade:check-upgrade:build:substitute catalog package: flox_rust_sdk::providers::buildenv: checking store paths, including substituters cmd=/nix/store/aazg6v221pq98rsab7i9gww46a85y1qv-nix-2.28.2/bin/nix --option extra-experimental-features 'nix-command flakes' --option pure-eval false --print-build-logs build --out-link /Users/nxmatic/.cache/flox/process/.tmp02bKSI/temp-roots/by-store-path/kubecectl-doctor /nix/store/arxca5pbizksdwlik5pjcvd1d7fznwqz-kubectl-doctor-0.3.1
2025-12-10T22:29:08.110410Z DEBUG check-upgrade:check-upgrade:build:substitute catalog package: flox_rust_sdk::providers::buildenv: using 'auto' store
2025-12-10T22:29:08.110425Z DEBUG check-upgrade:check-upgrade:build:substitute catalog package: flox_rust_sdk::providers::buildenv: checking store paths, including substituters cmd=/nix/store/aazg6v221pq98rsab7i9gww46a85y1qv-nix-2.28.2/bin/nix --option extra-experimental-features 'nix-command flakes' --option pure-eval false --print-build-logs build --out-link /Users/nxmatic/.cache/flox/process/.tmp02bKSI/temp-roots/by-store-path/kubectl-ai /nix/store/p12703rpmf5a62wq9ifpyawbi17v2ghw-kubectl-ai-0.0.26
2025-12-10T22:29:08.513581Z DEBUG check-upgrade:check-upgrade:build:substitute catalog package: flox_rust_sdk::providers::buildenv: using 'auto' store
2025-12-10T22:29:08.513623Z DEBUG check-upgrade:check-upgrade:build:substitute catalog package: flox_rust_sdk::providers::buildenv: checking store paths, including substituters cmd=/nix/store/aazg6v221pq98rsab7i9gww46a85y1qv-nix-2.28.2/bin/nix --option extra-experimental-features 'nix-command flakes' --option pure-eval false --print-build-logs build --out-link /Users/nxmatic/.cache/flox/process/.tmp02bKSI/temp-roots/by-store-path/kubectl-explore /nix/store/6zfp02lv99fi509wn6smn6ffqxcv7x1v-kubectl-explore-0.14.0
2025-12-10T22:29:09.044002Z DEBUG check-upgrade:check-upgrade:build:substitute catalog package: flox_rust_sdk::providers::buildenv: using 'auto' store
2025-12-10T22:29:09.044018Z DEBUG check-upgrade:check-upgrade:build:substitute catalog package: flox_rust_sdk::providers::buildenv: checking store paths, including substituters cmd=/nix/store/aazg6v221pq98rsab7i9gww46a85y1qv-nix-2.28.2/bin/nix --option extra-experimental-features 'nix-command flakes' --option pure-eval false --print-build-logs build --out-link /Users/nxmatic/.cache/flox/process/.tmp02bKSI/temp-roots/by-store-path/kubectl-graph /nix/store/hj14gr8dd5gwrmknbp7i0wmpf9pijm1s-kubectl-graph-0.7.0
2025-12-10T22:29:09.550344Z DEBUG check-upgrade:check-upgrade:build:substitute catalog package: flox_rust_sdk::providers::buildenv: using 'auto' store
2025-12-10T22:29:09.550362Z DEBUG check-upgrade:check-upgrade:build:substitute catalog package: flox_rust_sdk::providers::buildenv: checking store paths, including substituters cmd=/nix/store/aazg6v221pq98rsab7i9gww46a85y1qv-nix-2.28.2/bin/nix --option extra-experimental-features 'nix-command flakes' --option pure-eval false --print-build-logs build --out-link /Users/nxmatic/.cache/flox/process/.tmp02bKSI/temp-roots/by-store-path/kubectl-ktop /nix/store/4c94rkf39g07a4vrddds1n3drgbhyysm-kubectl-ktop-0.4.1
2025-12-10T22:29:10.389837Z DEBUG check-upgrade:check-upgrade:build:substitute catalog package: flox_rust_sdk::providers::buildenv: using 'auto' store
2025-12-10T22:29:10.389852Z DEBUG check-upgrade:check-upgrade:build:substitute catalog package: flox_rust_sdk::providers::buildenv: checking store paths, including substituters cmd=/nix/store/aazg6v221pq98rsab7i9gww46a85y1qv-nix-2.28.2/bin/nix --option extra-experimental-features 'nix-command flakes' --option pure-eval false --print-build-logs build --out-link /Users/nxmatic/.cache/flox/process/.tmp02bKSI/temp-roots/by-store-path/kubectl-neat /nix/store/0dhk6k3099srqsra6wdyvdgfgs37gd96-kubectl-neat-2.0.3
2025-12-10T22:29:10.433644Z DEBUG check-upgrade:check-upgrade:build:substitute catalog package: flox_rust_sdk::providers::buildenv: using 'auto' store
2025-12-10T22:29:10.433661Z DEBUG check-upgrade:check-upgrade:build:substitute catalog package: flox_rust_sdk::providers::buildenv: checking store paths, including substituters cmd=/nix/store/aazg6v221pq98rsab7i9gww46a85y1qv-nix-2.28.2/bin/nix --option extra-experimental-features 'nix-command flakes' --option pure-eval false --print-build-logs build --out-link /Users/nxmatic/.cache/flox/process/.tmp02bKSI/temp-roots/by-store-path/kubectl-rook-ceph /nix/store/1n56883qpdrkyls73wl7gm2yywfhzr4b-kubectl-rook-ceph-0.9.5
2025-12-10T22:29:10.914260Z DEBUG check-upgrade:check-upgrade:build:substitute catalog package: flox_rust_sdk::providers::buildenv: using 'auto' store
2025-12-10T22:29:10.914275Z DEBUG check-upgrade:check-upgrade:build:substitute catalog package: flox_rust_sdk::providers::buildenv: checking store paths, including substituters cmd=/nix/store/aazg6v221pq98rsab7i9gww46a85y1qv-nix-2.28.2/bin/nix --option extra-experimental-features 'nix-command flakes' --option pure-eval false --print-build-logs build --out-link /Users/nxmatic/.cache/flox/process/.tmp02bKSI/temp-roots/by-store-path/kubectl-tree /nix/store/mkzns932kkkacphbjvjljp7lp5q4viam-kubectl-tree-0.4.6
2025-12-10T22:29:11.741143Z DEBUG check-upgrade:check-upgrade:build:substitute catalog package: flox_rust_sdk::providers::buildenv: using 'auto' store
2025-12-10T22:29:11.741156Z DEBUG check-upgrade:check-upgrade:build:substitute catalog package: flox_rust_sdk::providers::buildenv: checking store paths, including substituters cmd=/nix/store/aazg6v221pq98rsab7i9gww46a85y1qv-nix-2.28.2/bin/nix --option extra-experimental-features 'nix-command flakes' --option pure-eval false --print-build-logs build --out-link /Users/nxmatic/.cache/flox/process/.tmp02bKSI/temp-roots/by-store-path/kubectl-view-secret /nix/store/j0f0yzb5kp1svdb57s2lgmsss2n2a0px-kubectl-view-secret-0.15.1
2025-12-10T22:29:11.786757Z DEBUG check-upgrade:check-upgrade:build:substitute catalog package: flox_rust_sdk::providers::buildenv: using 'auto' store
2025-12-10T22:29:11.786772Z DEBUG check-upgrade:check-upgrade:build:substitute catalog package: flox_rust_sdk::providers::buildenv: checking store paths, including substituters cmd=/nix/store/aazg6v221pq98rsab7i9gww46a85y1qv-nix-2.28.2/bin/nix --option extra-experimental-features 'nix-command flakes' --option pure-eval false --print-build-logs build --out-link /Users/nxmatic/.cache/flox/process/.tmp02bKSI/temp-roots/by-store-path/cilium-cli /nix/store/arrn3yh7cf7rp8ydqh1w60ry5wb9c6nh-cilium-cli-0.18.8
2025-12-10T22:29:16.463738Z DEBUG check-upgrade:check-upgrade:build:substitute catalog package: flox_rust_sdk::providers::buildenv: using 'auto' store
2025-12-10T22:29:16.463752Z DEBUG check-upgrade:check-upgrade:build:substitute catalog package: flox_rust_sdk::providers::buildenv: checking store paths, including substituters cmd=/nix/store/aazg6v221pq98rsab7i9gww46a85y1qv-nix-2.28.2/bin/nix --option extra-experimental-features 'nix-command flakes' --option pure-eval false --print-build-logs build --out-link /Users/nxmatic/.cache/flox/process/.tmp02bKSI/temp-roots/by-store-path/fluxcd /nix/store/fpbq0wq1anzw05syjp8g89kvki6a7w7f-fluxcd-2.7.5
2025-12-10T22:29:16.513012Z DEBUG check-upgrade:check-upgrade:build:substitute catalog package: flox_rust_sdk::providers::buildenv: using 'auto' store
2025-12-10T22:29:16.513025Z DEBUG check-upgrade:check-upgrade:build:substitute catalog package: flox_rust_sdk::providers::buildenv: checking store paths, including substituters cmd=/nix/store/aazg6v221pq98rsab7i9gww46a85y1qv-nix-2.28.2/bin/nix --option extra-experimental-features 'nix-command flakes' --option pure-eval false --print-build-logs build --out-link /Users/nxmatic/.cache/flox/process/.tmp02bKSI/temp-roots/by-store-path/helmfile /nix/store/fxv20xqxy0qyb06pcgk5d0m59j4v8vmh-helmfile-1.1.9
2025-12-10T22:29:16.556907Z DEBUG check-upgrade:check-upgrade:build:substitute catalog package: flox_rust_sdk::providers::buildenv: using 'auto' store
2025-12-10T22:29:16.556927Z DEBUG check-upgrade:check-upgrade:build:substitute catalog package: flox_rust_sdk::providers::buildenv: checking store paths, including substituters cmd=/nix/store/aazg6v221pq98rsab7i9gww46a85y1qv-nix-2.28.2/bin/nix --option extra-experimental-features 'nix-command flakes' --option pure-eval false --print-build-logs build --out-link /Users/nxmatic/.cache/flox/process/.tmp02bKSI/temp-roots/by-store-path/krew /nix/store/dqc4xm5bjqfg0x58gka8aim3dj79q5mp-krew-0.4.5
2025-12-10T22:29:16.784253Z DEBUG check-upgrade:check-upgrade:build:substitute catalog package: flox_rust_sdk::providers::buildenv: using 'auto' store
2025-12-10T22:29:16.784268Z DEBUG check-upgrade:check-upgrade:build:substitute catalog package: flox_rust_sdk::providers::buildenv: checking store paths, including substituters cmd=/nix/store/aazg6v221pq98rsab7i9gww46a85y1qv-nix-2.28.2/bin/nix --option extra-experimental-features 'nix-command flakes' --option pure-eval false --print-build-logs build --out-link /Users/nxmatic/.cache/flox/process/.tmp02bKSI/temp-roots/by-store-path/kubectl /nix/store/j02lgplwvs8fmpdkb1cgmf3997hx0ark-kubectl-1.34.2-convert /nix/store/yq0lp1mnyf2sj79cdq0fyc0vyb6jdl13-kubectl-1.34.2-man /nix/store/lnyk97mlh2172dpa3vfx8inrs14vcjww-kubectl-1.34.2
2025-12-10T22:29:17.676219Z DEBUG check-upgrade:check-upgrade:build:substitute catalog package: flox_rust_sdk::providers::buildenv: using 'auto' store
2025-12-10T22:29:17.676235Z DEBUG check-upgrade:check-upgrade:build:substitute catalog package: flox_rust_sdk::providers::buildenv: checking store paths, including substituters cmd=/nix/store/aazg6v221pq98rsab7i9gww46a85y1qv-nix-2.28.2/bin/nix --option extra-experimental-features 'nix-command flakes' --option pure-eval false --print-build-logs build --out-link /Users/nxmatic/.cache/flox/process/.tmp02bKSI/temp-roots/by-store-path/kubernetes-helm /nix/store/xx21h4bmbmhncdlhw5q7gp3wx50x0y5g-kubernetes-helm-3.19.1
2025-12-10T22:29:18.262846Z DEBUG check-upgrade:check-upgrade:build:substitute catalog package: flox_rust_sdk::providers::buildenv: using 'auto' store
2025-12-10T22:29:18.262860Z DEBUG check-upgrade:check-upgrade:build:substitute catalog package: flox_rust_sdk::providers::buildenv: checking store paths, including substituters cmd=/nix/store/aazg6v221pq98rsab7i9gww46a85y1qv-nix-2.28.2/bin/nix --option extra-experimental-features 'nix-command flakes' --option pure-eval false --print-build-logs build --out-link /Users/nxmatic/.cache/flox/process/.tmp02bKSI/temp-roots/by-store-path/tubekit /nix/store/q91bn1fmmfwmm2qdfzfag2iiyxgkjwfc-tubekit-5
2025-12-10T22:29:18.306877Z DEBUG check-upgrade:check-upgrade:build:substitute catalog package: flox_rust_sdk::providers::buildenv: using 'auto' store
2025-12-10T22:29:18.306891Z DEBUG check-upgrade:check-upgrade:build:substitute catalog package: flox_rust_sdk::providers::buildenv: checking store paths, including substituters cmd=/nix/store/aazg6v221pq98rsab7i9gww46a85y1qv-nix-2.28.2/bin/nix --option extra-experimental-features 'nix-command flakes' --option pure-eval false --print-build-logs build --out-link /Users/nxmatic/.cache/flox/process/.tmp02bKSI/temp-roots/by-store-path/dasel /nix/store/cdyi2m3793s4f2pwk386hmf4mibjc01s-dasel-2.8.1
2025-12-10T22:29:18.351417Z DEBUG check-upgrade:check-upgrade:build:substitute catalog package: flox_rust_sdk::providers::buildenv: using 'auto' store
2025-12-10T22:29:18.351431Z DEBUG check-upgrade:check-upgrade:build:substitute catalog package: flox_rust_sdk::providers::buildenv: checking store paths, including substituters cmd=/nix/store/aazg6v221pq98rsab7i9gww46a85y1qv-nix-2.28.2/bin/nix --option extra-experimental-features 'nix-command flakes' --option pure-eval false --print-build-logs build --out-link /Users/nxmatic/.cache/flox/process/.tmp02bKSI/temp-roots/by-store-path/yq-go /nix/store/ns352ypll7mdkzjksvjpabcag07cgnig-yq-go-4.49.2
2025-12-10T22:29:18.394442Z DEBUG check-upgrade:check-upgrade:build: flox_rust_sdk::providers::buildenv: using 'auto' store
2025-12-10T22:29:18.394471Z DEBUG check-upgrade:check-upgrade:build: flox_rust_sdk::providers::buildenv: building environment cmd=/nix/store/aazg6v221pq98rsab7i9gww46a85y1qv-nix-2.28.2/bin/nix --option extra-experimental-features 'nix-command flakes' --option pure-eval false --print-build-logs build --no-link --offline --json --file /nix/store/ffh0da5n98rmmrsqd1l3z1janlck84l3-flox-buildenv-0.0.1/lib/buildenv.nix --argstr manifestLock /Users/nxmatic/.cache/flox/process/.tmp02bKSI/.tmpZE05uR
2025-12-10T22:29:23.446592Z DEBUG check-upgrade: flox::commands::check_for_upgrades: Upgrading information with new result. diff={}
2025-12-10T22:29:23.447059Z DEBUG check-upgrade: flox_rust_sdk::providers::upgrade_checks: wrote upgrade information upgrade_information_path="/private/var/lib/gits/nxmatic/fleet-manifests/flox/k8s/.flox/cache/upgrade-checks.json"
2025-12-10T22:29:23.447186Z DEBUG flox::utils::metrics: No metrics client setup, skipping flush
