2025-12-10T22:46:46.370509Z DEBUG flox::config: reading raw config (initialized: false, reload: false)
2025-12-10T22:46:46.370580Z DEBUG flox::config: `$FLOX_CONFIG_DIR` set: /Users/nxmatic/.config/flox
2025-12-10T22:46:46.370793Z DEBUG flox: set _FLOX_PKGDB_VERBOSITY=2
2025-12-10T22:46:46.371400Z DEBUG flox::config: reading raw config (initialized: true, reload: false)
2025-12-10T22:46:46.371600Z DEBUG flox::commands: Skipping update check in development mode
2025-12-10T22:46:46.371726Z DEBUG flox::commands: Metrics collection disabled
2025-12-10T22:46:46.371792Z DEBUG flox::utils::init::catalog_client: using catalog client with url: https://api.flox.dev
2025-12-10T22:46:46.373506Z DEBUG flox::commands: feature flags configured=Features { upload: false, qa: false }
2025-12-10T22:46:46.373558Z DEBUG check-upgrade: flox::utils::metrics: No metrics client setup, skipping record
2025-12-10T22:46:46.373736Z DEBUG check-upgrade: flox_rust_sdk::models::environment: detected concrete environment type: path
2025-12-10T22:46:46.374026Z DEBUG check-upgrade: flox_rust_sdk::providers::upgrade_checks: created unlocked upgrade information guard upgrade_information_path="/private/var/lib/gits/nxmatic/fleet-manifests/flox/k8s/.flox/cache/upgrade-checks.json"
2025-12-10T22:46:46.374343Z DEBUG check-upgrade: flox_rust_sdk::providers::upgrade_checks: lock acquired upgrade_information_path="/private/var/lib/gits/nxmatic/fleet-manifests/flox/k8s/.flox/cache/upgrade-checks.json"
2025-12-10T22:46:46.374383Z DEBUG check-upgrade:check-upgrade: flox_rust_sdk::models::environment::core_environment: upgrading to_upgrade=""
2025-12-10T22:46:46.374447Z DEBUG check-upgrade:check-upgrade: flox_rust_sdk::models::environment::core_environment: checking group membership for requested packages
2025-12-10T22:46:46.374452Z DEBUG check-upgrade:check-upgrade: flox_rust_sdk::models::environment::core_environment: using catalog client to upgrade
2025-12-10T22:46:46.374455Z DEBUG check-upgrade:check-upgrade: flox_rust_sdk::models::environment::core_environment: upgrading to_upgrade=""
2025-12-10T22:46:46.374722Z DEBUG check-upgrade:check-upgrade:resolve_manifest:resolve: flox_rust_sdk::providers::catalog: resolving package groups n_groups=5
2025-12-10T22:46:47.910714Z DEBUG check-upgrade:check-upgrade:resolve_manifest:resolve: flox_rust_sdk::providers::catalog: received resolved package groups n_groups=5
2025-12-10T22:46:47.910974Z DEBUG check-upgrade:check-upgrade:resolve_manifest: flox_rust_sdk::models::lockfile: no resolution failures detected
2025-12-10T22:46:47.912810Z DEBUG check-upgrade:check-upgrade:build: flox_rust_sdk::providers::buildenv: bulk checking validity of store_paths (paths passed to stdin) cmd=/nix/store/aazg6v221pq98rsab7i9gww46a85y1qv-nix-2.28.2/bin/nix --option extra-experimental-features 'nix-command flakes' path-info --offline --stdin
2025-12-10T22:46:47.988942Z DEBUG check-upgrade:check-upgrade:build: flox_rust_sdk::providers::buildenv: bulk setting gc roots for store_paths cmd="echo '/nix/store/6zfp02lv99fi509wn6smn6ffqxcv7x1v-kubectl-explore-0.14.0 /nix/store/lnyk97mlh2172dpa3vfx8inrs14vcjww-kubectl-1.34.2 /nix/store/0y0x7g3qn8gzb29rf44mn6448x508kbc-kpt-1.0.0-beta.55 /nix/store/hj14gr8dd5gwrmknbp7i0wmpf9pijm1s-kubectl-graph-0.7.0 /nix/store/arrn3yh7cf7rp8ydqh1w60ry5wb9c6nh-cilium-cli-0.18.8 /nix/store/fpbq0wq1anzw05syjp8g89kvki6a7w7f-fluxcd-2.7.5 /nix/store/arxca5pbizksdwlik5pjcvd1d7fznwqz-kubectl-doctor-0.3.1 /nix/store/mkzns932kkkacphbjvjljp7lp5q4viam-kubectl-tree-0.4.6 /nix/store/v3hvz562mcqzjvz4c7mkwgr6pbsmjrk2-etcd-3.3.27 /nix/store/1n56883qpdrkyls73wl7gm2yywfhzr4b-kubectl-rook-ceph-0.9.5 /nix/store/j02lgplwvs8fmpdkb1cgmf3997hx0ark-kubectl-1.34.2-convert /nix/store/ns352ypll7mdkzjksvjpabcag07cgnig-yq-go-4.49.2 /nix/store/j0f0yzb5kp1svdb57s2lgmsss2n2a0px-kubectl-view-secret-0.15.1 /nix/store/cdyi2m3793s4f2pwk386hmf4mibjc01s-dasel-2.8.1 /nix/store/0dhk6k3099srqsra6wdyvdgfgs37gd96-kubectl-neat-2.0.3 /nix/store/q91bn1fmmfwmm2qdfzfag2iiyxgkjwfc-tubekit-5 /nix/store/xx21h4bmbmhncdlhw5q7gp3wx50x0y5g-kubernetes-helm-3.19.1 /nix/store/fxv20xqxy0qyb06pcgk5d0m59j4v8vmh-helmfile-1.1.9 /nix/store/dqc4xm5bjqfg0x58gka8aim3dj79q5mp-krew-0.4.5 /nix/store/p12703rpmf5a62wq9ifpyawbi17v2ghw-kubectl-ai-0.0.26 /nix/store/yq0lp1mnyf2sj79cdq0fyc0vyb6jdl13-kubectl-1.34.2-man /nix/store/4c94rkf39g07a4vrddds1n3drgbhyysm-kubectl-ktop-0.4.1' | /nix/store/aazg6v221pq98rsab7i9gww46a85y1qv-nix-2.28.2/bin/nix --option extra-experimental-features 'nix-command flakes' build --stdin --offline -j 0 --out-link /Users/nxmatic/.cache/flox/process/.tmpqiCeQv/temp-roots/pre-checked-paths"
2025-12-10T22:46:48.055496Z DEBUG check-upgrade:check-upgrade:build: flox_rust_sdk::providers::buildenv: using 'auto' store
2025-12-10T22:46:48.055512Z DEBUG check-upgrade:check-upgrade:build: flox_rust_sdk::providers::buildenv: building environment cmd=/nix/store/aazg6v221pq98rsab7i9gww46a85y1qv-nix-2.28.2/bin/nix --option extra-experimental-features 'nix-command flakes' --option pure-eval false --print-build-logs build --no-link --offline --json --file /nix/store/ffh0da5n98rmmrsqd1l3z1janlck84l3-flox-buildenv-0.0.1/lib/buildenv.nix --argstr manifestLock /Users/nxmatic/.cache/flox/process/.tmpqiCeQv/.tmpAv0Czo
2025-12-10T22:46:48.102545Z DEBUG check-upgrade: flox::commands::check_for_upgrades: Resolution didn't change. Updating last checked timestamp.
2025-12-10T22:46:48.102732Z DEBUG check-upgrade: flox_rust_sdk::providers::upgrade_checks: wrote upgrade information upgrade_information_path="/private/var/lib/gits/nxmatic/fleet-manifests/flox/k8s/.flox/cache/upgrade-checks.json"
2025-12-10T22:46:48.102803Z DEBUG flox::utils::metrics: No metrics client setup, skipping flush
