2025-12-10T22:46:54.512174Z DEBUG flox::config: reading raw config (initialized: false, reload: false)
2025-12-10T22:46:54.512237Z DEBUG flox::config: `$FLOX_CONFIG_DIR` set: /Users/nxmatic/.config/flox
2025-12-10T22:46:54.512456Z DEBUG flox: set _FLOX_PKGDB_VERBOSITY=2
2025-12-10T22:46:54.512929Z DEBUG flox::config: reading raw config (initialized: true, reload: false)
2025-12-10T22:46:54.513471Z DEBUG flox::commands: Skipping update check in development mode
2025-12-10T22:46:54.513575Z DEBUG flox::commands: Metrics collection disabled
2025-12-10T22:46:54.513634Z DEBUG flox::utils::init::catalog_client: using catalog client with url: https://api.flox.dev
2025-12-10T22:46:54.515453Z DEBUG flox::commands: feature flags configured=Features { upload: false, qa: false }
2025-12-10T22:46:54.515508Z DEBUG check-upgrade: flox::utils::metrics: No metrics client setup, skipping record
2025-12-10T22:46:54.515691Z DEBUG check-upgrade: flox_rust_sdk::models::environment: detected concrete environment type: path
2025-12-10T22:46:54.515896Z DEBUG check-upgrade: flox_rust_sdk::providers::upgrade_checks: created unlocked upgrade information guard upgrade_information_path="/private/var/lib/gits/nxmatic/fleet-manifests/flox/lima/.flox/cache/upgrade-checks.json"
2025-12-10T22:46:54.516060Z DEBUG check-upgrade: flox_rust_sdk::providers::upgrade_checks: lock acquired upgrade_information_path="/private/var/lib/gits/nxmatic/fleet-manifests/flox/lima/.flox/cache/upgrade-checks.json"
2025-12-10T22:46:54.516093Z DEBUG check-upgrade:check-upgrade: flox_rust_sdk::models::environment::core_environment: upgrading to_upgrade=""
2025-12-10T22:46:54.516121Z DEBUG check-upgrade:check-upgrade: flox_rust_sdk::models::environment::core_environment: checking group membership for requested packages
2025-12-10T22:46:54.516125Z DEBUG check-upgrade:check-upgrade: flox_rust_sdk::models::environment::core_environment: using catalog client to upgrade
2025-12-10T22:46:54.516129Z DEBUG check-upgrade:check-upgrade: flox_rust_sdk::models::environment::core_environment: upgrading to_upgrade=""
2025-12-10T22:46:54.516275Z DEBUG check-upgrade:check-upgrade:resolve_manifest:resolve: flox_rust_sdk::providers::catalog: resolving package groups n_groups=1
2025-12-10T22:46:54.979694Z DEBUG check-upgrade:check-upgrade:resolve_manifest:resolve: flox_rust_sdk::providers::catalog: received resolved package groups n_groups=1
2025-12-10T22:46:54.979747Z DEBUG check-upgrade:check-upgrade:resolve_manifest: flox_rust_sdk::models::lockfile: no resolution failures detected
2025-12-10T22:46:54.980003Z DEBUG check-upgrade:check-upgrade:build: flox_rust_sdk::providers::buildenv: bulk checking validity of store_paths (paths passed to stdin) cmd=/nix/store/aazg6v221pq98rsab7i9gww46a85y1qv-nix-2.28.2/bin/nix --option extra-experimental-features 'nix-command flakes' path-info --offline --stdin
2025-12-10T22:46:55.027446Z DEBUG check-upgrade:check-upgrade:build: flox_rust_sdk::providers::buildenv: bulk setting gc roots for store_paths cmd="echo '/nix/store/2i62xdmq4743zb7mbq51c7ys6dwxxpfa-lima-1.0.7 /nix/store/6sl9vz1wkizmkdmbzz4pp9ar6wnws2xc-vmnet-11.0' | /nix/store/aazg6v221pq98rsab7i9gww46a85y1qv-nix-2.28.2/bin/nix --option extra-experimental-features 'nix-command flakes' build --stdin --offline -j 0 --out-link /Users/nxmatic/.cache/flox/process/.tmpVCJFuk/temp-roots/pre-checked-paths"
2025-12-10T22:46:55.076839Z DEBUG check-upgrade:check-upgrade:build: flox_rust_sdk::providers::buildenv: using 'auto' store
2025-12-10T22:46:55.076863Z DEBUG check-upgrade:check-upgrade:build: flox_rust_sdk::providers::buildenv: building environment cmd=/nix/store/aazg6v221pq98rsab7i9gww46a85y1qv-nix-2.28.2/bin/nix --option extra-experimental-features 'nix-command flakes' --option pure-eval false --print-build-logs build --no-link --offline --json --file /nix/store/ffh0da5n98rmmrsqd1l3z1janlck84l3-flox-buildenv-0.0.1/lib/buildenv.nix --argstr manifestLock /Users/nxmatic/.cache/flox/process/.tmpVCJFuk/.tmpzAp42w
2025-12-10T22:46:55.126873Z DEBUG check-upgrade: flox::commands::check_for_upgrades: Resolution didn't change. Updating last checked timestamp.
2025-12-10T22:46:55.127029Z DEBUG check-upgrade: flox_rust_sdk::providers::upgrade_checks: wrote upgrade information upgrade_information_path="/private/var/lib/gits/nxmatic/fleet-manifests/flox/lima/.flox/cache/upgrade-checks.json"
2025-12-10T22:46:55.127230Z DEBUG flox::utils::metrics: No metrics client setup, skipping flush
